<?xml version="1.0" encoding="UTF-8"?>
<testsuite xmlns:xsi="http://www.w3.org/2001/XMLSchema-instance" xsi:noNamespaceSchemaLocation="https://maven.apache.org/surefire/maven-surefire-plugin/xsd/surefire-test-report.xsd" name="com.mkyong.examples.TestMessageBuilder" time="0.001" tests="2" errors="0" skipped="0" failures="0">
  <properties>
    <property name="sun.desktop" value="windows"/>
    <property name="awt.toolkit" value="sun.awt.windows.WToolkit"/>
    <property name="file.encoding.pkg" value="sun.io"/>
    <property name="java.specification.version" value="1.8"/>
    <property name="sun.cpu.isalist" value="amd64"/>
    <property name="sun.jnu.encoding" value="GBK"/>
    <property name="java.class.path" value="C:\Users\jewfu\Git\javaEE\javaee\maven-examples\maven-unit-test\target\test-classes;C:\Users\jewfu\Git\javaEE\javaee\maven-examples\maven-unit-test\target\classes;C:\Users\jewfu\.m2\repository\org\junit\jupiter\junit-jupiter-engine\5.3.1\junit-jupiter-engine-5.3.1.jar;C:\Users\jewfu\.m2\repository\org\apiguardian\apiguardian-api\1.0.0\apiguardian-api-1.0.0.jar;C:\Users\jewfu\.m2\repository\org\junit\platform\junit-platform-engine\1.3.1\junit-platform-engine-1.3.1.jar;C:\Users\jewfu\.m2\repository\org\junit\platform\junit-platform-commons\1.3.1\junit-platform-commons-1.3.1.jar;C:\Users\jewfu\.m2\repository\org\opentest4j\opentest4j\1.1.1\opentest4j-1.1.1.jar;C:\Users\jewfu\.m2\repository\org\junit\jupiter\junit-jupiter-api\5.3.1\junit-jupiter-api-5.3.1.jar;"/>
    <property name="java.vm.vendor" value="Oracle Corporation"/>
    <property name="sun.arch.data.model" value="64"/>
    <property name="user.variant" value=""/>
    <property name="java.vendor.url" value="http://java.oracle.com/"/>
    <property name="user.timezone" value="Asia/Tokyo"/>
    <property name="java.vm.specification.version" value="1.8"/>
    <property name="os.name" value="Windows 11"/>
    <property name="user.country" value="CN"/>
    <property name="sun.java.launcher" value="SUN_STANDARD"/>
    <property name="sun.boot.library.path" value="C:\Program Files\Java\jdk-1.8\jre\bin"/>
    <property name="sun.java.command" value="C:\Users\jewfu\AppData\Local\Temp\surefire556396070400207316\surefirebooter2531532472703139491.jar C:\Users\jewfu\AppData\Local\Temp\surefire556396070400207316 2024-06-22T07-38-24_788-jvmRun1 surefire2141680541182479211tmp surefire_01618869425736108739tmp"/>
    <property name="surefire.test.class.path" value="C:\Users\jewfu\Git\javaEE\javaee\maven-examples\maven-unit-test\target\test-classes;C:\Users\jewfu\Git\javaEE\javaee\maven-examples\maven-unit-test\target\classes;C:\Users\jewfu\.m2\repository\org\junit\jupiter\junit-jupiter-engine\5.3.1\junit-jupiter-engine-5.3.1.jar;C:\Users\jewfu\.m2\repository\org\apiguardian\apiguardian-api\1.0.0\apiguardian-api-1.0.0.jar;C:\Users\jewfu\.m2\repository\org\junit\platform\junit-platform-engine\1.3.1\junit-platform-engine-1.3.1.jar;C:\Users\jewfu\.m2\repository\org\junit\platform\junit-platform-commons\1.3.1\junit-platform-commons-1.3.1.jar;C:\Users\jewfu\.m2\repository\org\opentest4j\opentest4j\1.1.1\opentest4j-1.1.1.jar;C:\Users\jewfu\.m2\repository\org\junit\jupiter\junit-jupiter-api\5.3.1\junit-jupiter-api-5.3.1.jar;"/>
    <property name="sun.cpu.endian" value="little"/>
    <property name="user.home" value="C:\Users\jewfu"/>
    <property name="user.language" value="zh"/>
    <property name="java.specification.vendor" value="Oracle Corporation"/>
    <property name="java.home" value="C:\Program Files\Java\jdk-1.8\jre"/>
    <property name="basedir" value="C:\Users\jewfu\Git\javaEE\javaee\maven-examples\maven-unit-test"/>
    <property name="file.separator" value="\"/>
    <property name="line.separator" value="&#10;"/>
    <property name="java.vm.specification.vendor" value="Oracle Corporation"/>
    <property name="java.specification.name" value="Java Platform API Specification"/>
    <property name="java.awt.graphicsenv" value="sun.awt.Win32GraphicsEnvironment"/>
    <property name="surefire.real.class.path" value="C:\Users\jewfu\AppData\Local\Temp\surefire556396070400207316\surefirebooter2531532472703139491.jar"/>
    <property name="sun.boot.class.path" value="C:\Program Files\Java\jdk-1.8\jre\lib\resources.jar;C:\Program Files\Java\jdk-1.8\jre\lib\rt.jar;C:\Program Files\Java\jdk-1.8\jre\lib\jsse.jar;C:\Program Files\Java\jdk-1.8\jre\lib\jce.jar;C:\Program Files\Java\jdk-1.8\jre\lib\charsets.jar;C:\Program Files\Java\jdk-1.8\jre\lib\jfr.jar;C:\Program Files\Java\jdk-1.8\jre\classes"/>
    <property name="user.script" value=""/>
    <property name="sun.management.compiler" value="HotSpot 64-Bit Tiered Compilers"/>
    <property name="java.runtime.version" value="1.8.0_391-b13"/>
    <property name="user.name" value="jewfu"/>
    <property name="path.separator" value=";"/>
    <property name="os.version" value="10.0"/>
    <property name="java.endorsed.dirs" value="C:\Program Files\Java\jdk-1.8\jre\lib\endorsed"/>
    <property name="java.runtime.name" value="Java(TM) SE Runtime Environment"/>
    <property name="file.encoding" value="GBK"/>
    <property name="java.vm.name" value="Java HotSpot(TM) 64-Bit Server VM"/>
    <property name="localRepository" value="C:\Users\jewfu\.m2\repository"/>
    <property name="java.vendor.url.bug" value="http://bugreport.sun.com/bugreport/"/>
    <property name="java.io.tmpdir" value="C:\Users\jewfu\AppData\Local\Temp\"/>
    <property name="java.version" value="1.8.0_391"/>
    <property name="user.dir" value="C:\Users\jewfu\Git\javaEE\javaee\maven-examples\maven-unit-test"/>
    <property name="os.arch" value="amd64"/>
    <property name="java.vm.specification.name" value="Java Virtual Machine Specification"/>
    <property name="java.awt.printerjob" value="sun.awt.windows.WPrinterJob"/>
    <property name="sun.os.patch.level" value=""/>
    <property name="java.library.path" value="C:\Program Files\Java\jdk-1.8\jre\bin;C:\WINDOWS\Sun\Java\bin;C:\WINDOWS\system32;C:\WINDOWS;C:\Program Files\Java\jdk-1.8\bin;C:\Program Files\Java\jdk-1.8\lib;C:\Program Files\Common Files\Oracle\Java\javapath2;C:\Program Files (x86)\Common Files\Oracle\Java\javapath2;C:\WINDOWS\system32;C:\WINDOWS;C:\WINDOWS\System32\Wbem;C:\WINDOWS\System32\WindowsPowerShell\v1.0\;C:\WINDOWS\System32\OpenSSH\;C:\composer;C:\Program Files\Git\cmd;C:\Program Files (x86)\Tencent\微信web开发者工具\dll;C:\Users\jewfu\AppData\Roaming\nvm;C:\Program Files\nodejs;C:\Program Files\Microsoft SQL Server\150\Tools\Binn\;C:\Program Files\Microsoft SQL Server\Client SDK\ODBC\170\Tools\Binn\;C:\Program Files\dotnet\;C:\Windows\Microsoft.NET\Framework64\v2.0.50727;C:\new_computer\software\FFMpeg\Windows\ffmpeg-20200628-4cfcfb3-win64-static\bin;C:\flutter\bin;C:\Gradle\gradle-7.0.2\bin;C:\Python310;C:\Python310\scripts;C:\Program Files\Docker\Docker\resources\bin;C:\Program Files\Redis\;C:\Python311\Scripts\;C:\Python311\;C:\Users\jewfu\AppData\Local\Microsoft\WindowsApps;C:\yt-dlp;C:\Users\jewfu\AppData\Roaming\npm;C:\Users\jewfu\AppData\Local\Programs\Microsoft VS Code\bin;C:\xampp82\php;C:\Users\jewfu\AppData\Roaming\Composer\vendor\bin;C:\new_computer\software\Maven\apache-maven-3.9.6\bin;C:\Users\jewfu\AppData\Local\GitHubDesktop\bin;C:\xampp82\mysql\bin;C:\Users\jewfu\AppData\Roaming\nvm;C:\Program Files\nodejs;C:\Program Files\Redis;C:\Users\jewfu\.dotnet\tools;C:\Program Files\JetBrains\IntelliJ IDEA Community Edition 2023.3.5\bin;;C:\Program Files\Java\jdk-1.8\bin;C:\Program Files\Java\jdk-1.8\lib;%ANDROID_NDK_HOME%;C:\Users\jewfu\AppData\Local\Android\Sdk\platform-tools;C:\Users\jewfu\AppData\Local\Android\Sdk\emulator;C:\Users\jewfu\AppData\Local\Android\Sdk\tools\bin;C:\Gradle\gradle-7.0.2\bin;C:\xampp\mysql\bin;C:\xampp\php;C:\spring-3.3.0\bin;C:\keycloak_22.0.4\bin;C:\keycloak_22.0.4\conf;C:\fuel\fuelphp-1.8.2;C:\payara6\bin;C:\payara6\glassfish\bin;C:\wildfly-8.1.0.Final\bin;;."/>
    <property name="java.vm.info" value="mixed mode"/>
    <property name="java.vendor" value="Oracle Corporation"/>
    <property name="java.vm.version" value="25.391-b13"/>
    <property name="java.specification.maintenance.version" value="5"/>
    <property name="java.ext.dirs" value="C:\Program Files\Java\jdk-1.8\jre\lib\ext;C:\WINDOWS\Sun\Java\lib\ext"/>
    <property name="sun.io.unicode.encoding" value="UnicodeLittle"/>
    <property name="java.class.version" value="52.0"/>
  </properties>
  <testcase name="testNumber10" classname="com.mkyong.examples.TestMessageBuilder" time="0"/>
  <testcase name="testHelloWorld" classname="com.mkyong.examples.TestMessageBuilder" time="0.001"/>
</testsuite>